\BOOKMARK [0][-]{chapter.1}{Introduction}{}
\BOOKMARK [0][-]{chapter.2}{Shared Language}{}
\BOOKMARK [1][-]{section.2.1}{CaseRegistration}{chapter.2}
\BOOKMARK [1][-]{section.2.2}{Sessions}{chapter.2}
\BOOKMARK [0][-]{chapter.3}{Diagnosis}{}
\BOOKMARK [0][-]{chapter.4}{Conceptual Analysis}{}
\BOOKMARK [1][-]{section.4.1}{CaseRegistration}{chapter.4}
\BOOKMARK [1][-]{section.4.2}{Sessions}{chapter.4}
\BOOKMARK [1][-]{section.4.3}{Correspondence}{chapter.4}
\BOOKMARK [0][-]{chapter.5}{Function Point Analysis}{}
\BOOKMARK [0][-]{chapter.6}{Data structure}{}
\BOOKMARK [1][-]{section.6.1}{Party}{chapter.6}
\BOOKMARK [1][-]{section.6.2}{Session}{chapter.6}
\BOOKMARK [1][-]{section.6.3}{LegalCase}{chapter.6}
\BOOKMARK [1][-]{section.6.4}{Document}{chapter.6}
\BOOKMARK [1][-]{section.6.5}{Court}{chapter.6}
\BOOKMARK [1][-]{section.6.6}{Process}{chapter.6}
\BOOKMARK [1][-]{section.6.7}{City}{chapter.6}
\BOOKMARK [1][-]{section.6.8}{CourtOfAppeal}{chapter.6}
\BOOKMARK [1][-]{section.6.9}{Panel}{chapter.6}
\BOOKMARK [1][-]{section.6.10}{plaintiff}{chapter.6}
\BOOKMARK [1][-]{section.6.11}{defendant}{chapter.6}
\BOOKMARK [1][-]{section.6.12}{domicile}{chapter.6}
\BOOKMARK [1][-]{section.6.13}{writtenAuthOf}{chapter.6}
\BOOKMARK [1][-]{section.6.14}{authFor}{chapter.6}
\BOOKMARK [1][-]{section.6.15}{authBy}{chapter.6}
\BOOKMARK [1][-]{section.6.16}{caseFile}{chapter.6}
\BOOKMARK [1][-]{section.6.17}{members}{chapter.6}
\BOOKMARK [1][-]{section.6.18}{judge}{chapter.6}
\BOOKMARK [1][-]{section.6.19}{clerk}{chapter.6}
\BOOKMARK [1][-]{section.6.20}{broughtBefore}{chapter.6}
\BOOKMARK [1][-]{section.6.21}{remark}{chapter.6}
\BOOKMARK [0][-]{chapter.7}{ECA rules}{}
